********************************************************************************
DUPLICATOR-LITE PACKAGE-LOG: 27 de May de 2021 18:55
NOTICE: Do NOT post to public sites or forums 
********************************************************************************
VERSION:	1.4.1
WORDPRESS:	5.7.2
PHP INFO:	8.0.6 | SAPI: apache2handler
SERVER:		Apache/2.4.47 (Win64) OpenSSL/1.1.1k PHP/8.0.6 
PHP TIME LIMIT: (0) no time limit imposed 
PHP MAX MEMORY: 4294967296 (512M default) 
MEMORY STACK: 10MB

********************************************************************************
DATABASE:
********************************************************************************
BUILD MODE:   MYSQLDUMP
MYSQLTIMEOUT: 5000
MYSQLDUMP:    Is Supported
SQL CREATED: Curso_Wp___Fresco_de7de5a31f59c1042540_20210527185421_database.sql
SQL FILE SIZE: 9.07MB (9506878)
SQL FILE TIME: 2021-05-27 18:56:21
SQL RUNTIME: 36.62 sec.

********************************************************************************
ARCHIVE (ZIP):
********************************************************************************
ARCHIVE DIR:  C:/xampp/htdocs/curso-wp
ARCHIVE FILE: Curso_Wp___Fresco_de7de5a31f59c1042540_20210527185421_archive.zip
FILTERS: *ON*
DIRS:
	C:/xampp/htdocs/curso-wp/_imgs/2019/07
	C:/xampp/htdocs/curso-wp/wp-content/plugins/astra-widgets/assets/fonts
	C:/xampp/htdocs/curso-wp/wp-content/plugins/microthemer/js-min/sass
	C:/xampp/htdocs/curso-wp/wp-content/plugins/ultimate-addons-for-gutenberg/dist
	C:/xampp/htdocs/curso-wp/wp-content/plugins/ultimate-addons-for-gutenberg/dist/blocks/uagb-controls
FILES:
	C:/xampp/htdocs/curso-wp/wp-content/themes/astra/inc/customizer/custom-controls/assets/js/unminified/custom-controls.js
	C:/xampp/htdocs/curso-wp/wp-content/uploads/2021/05/pizzaria-hero-fundo02.jpg
EXTS:  not set
----------------------------------------
COMPRESSING
SIZE:	180.09MB
STATS:	Dirs 1,552 | Files 8,277
SQL ADDED: Curso_Wp___Fresco_de7de5a31f59c1042540_20210527185421_database.sql
ZipArchive Object
(
    [lastId] => 9828
    [status] => 0
    [statusSys] => 0
    [numFiles] => 9829
    [filename] => C:\xampp\htdocs\curso-wp\wp-content\backups-dup-lite\tmp\Curso_Wp___Fresco_de7de5a31f59c1042540_20210527185421_archive.zip
    [comment] => 
)

FILE ADDED TO ZIP: 9828
COMPRESSION RESULT: '1'
COMPRESSED SIZE: 72.35MB
ARCHIVE RUNTIME: 15.97 sec.
MEMORY STACK: 12MB
building installer
add_extra_files1
add_extra_files2
add_extra_files3
add_extra_files4
Doing archive file check
add_extra_files5
add_extra_files6
add_extra_files8
Successfully opened zip C:/xampp/htdocs/curso-wp/wp-content/backups-dup-lite/tmp/Curso_Wp___Fresco_de7de5a31f59c1042540_20210527185421_archive.zip
Adding enhanced installer files to archive using ZipArchive
Installer files added to archive
Added to archive
After ziparchive close when adding installer

********************************************************************************
INTEGRITY CHECKS:
********************************************************************************
SQL FILE: 9.07MB
INSTALLER FILE: 64.14KB
ARCHIVE FILE: 73.76MB 
EXPECTED FILE/DIRECTORY COUNT: 9,829
ACTUAL FILE/DIRECTORY COUNT: 9,828
ARCHIVE CONSISTENCY TEST: Pass

********************************************************************************
RECORD ID:[1]
TOTAL PROCESS RUNTIME: 55.02 sec.
PEAK PHP MEMORY USED: 14MB
DONE PROCESSING => Curso_Wp___Fresco 27 de May de 2021 18:56

